0 verbose cli /usr/local/bin/node /usr/local/bin/npm
1 info using npm@10.8.2
2 info using node@v20.18.1
3 silly config load:file:/usr/local/lib/node_modules/npm/npmrc
4 silly config load:file:/data/.npmrc
5 silly config load:file:/usr/src/node-red/.npmrc
6 silly config load:file:/usr/local/etc/npmrc
7 verbose title npm install node-red-contrib-env@1.0.2
8 verbose argv "install" "--no-audit" "--no-update-notifier" "--no-fund" "--save" "--save-prefix" "~" "--omit" "dev" "--engine-strict" "node-red-contrib-env@1.0.2"
9 verbose logfile logs-max:10 dir:/data/.npm/_logs/2025-01-05T12_42_16_994Z-
10 verbose logfile /data/.npm/_logs/2025-01-05T12_42_16_994Z-debug-0.log
11 silly packumentCache heap:2105278464 maxSize:526319616 maxEntrySize:263159808
12 silly logfile done cleaning log files
13 verbose shrinkwrap failed to load node_modules/.package-lock.json out of date, updated: node_modules
14 silly idealTree buildDeps
15 silly fetch manifest node-red-contrib-env@1.0.2
16 silly packumentCache full:https://registry.npmjs.org/node-red-contrib-env cache-miss
17 http fetch GET 200 https://registry.npmjs.org/node-red-contrib-env 1577ms (cache miss)
18 silly packumentCache full:https://registry.npmjs.org/node-red-contrib-env set size:undefined disposed:false
19 silly placeDep ROOT node-red-contrib-env@1.0.2 OK for: node-red-project@0.0.1 want: 1.0.2
20 silly reify moves {}
21 silly tarball no local data for node-red-contrib-env@https://registry.npmjs.org/node-red-contrib-env/-/node-red-contrib-env-1.0.2.tgz. Extracting by manifest.
22 http fetch GET 200 https://registry.npmjs.org/node-red-contrib-env/-/node-red-contrib-env-1.0.2.tgz 106ms (cache miss)
23 silly ADD node_modules/node-red-contrib-env
24 verbose cwd /data
25 verbose os Linux 6.10.14-linuxkit
26 verbose node v20.18.1
27 verbose npm  v10.8.2
28 verbose exit 0
29 info ok
