0 verbose cli /usr/local/bin/node /usr/local/bin/npm
1 info using npm@10.8.2
2 info using node@v20.18.1
3 silly config load:file:/usr/local/lib/node_modules/npm/npmrc
4 silly config load:file:/data/.npmrc
5 silly config load:file:/usr/src/node-red/.npmrc
6 silly config load:file:/usr/local/etc/npmrc
7 verbose title npm install node-red-node-telegrambot@0.1.6
8 verbose argv "install" "--no-audit" "--no-update-notifier" "--no-fund" "--save" "--save-prefix" "~" "--omit" "dev" "--engine-strict" "node-red-node-telegrambot@0.1.6"
9 verbose logfile logs-max:10 dir:/data/.npm/_logs/2025-01-05T12_02_42_590Z-
10 verbose logfile /data/.npm/_logs/2025-01-05T12_02_42_590Z-debug-0.log
11 silly packumentCache heap:2105278464 maxSize:526319616 maxEntrySize:263159808
12 silly logfile done cleaning log files
13 silly idealTree buildDeps
14 silly fetch manifest node-red-node-telegrambot@0.1.6
15 silly packumentCache full:https://registry.npmjs.org/node-red-node-telegrambot cache-miss
16 verbose shrinkwrap failed to load node_modules/.package-lock.json out of date, updated: node_modules
17 http fetch GET 200 https://registry.npmjs.org/node-red-node-telegrambot 1066ms (cache miss)
18 silly packumentCache full:https://registry.npmjs.org/node-red-node-telegrambot set size:undefined disposed:false
19 silly placeDep ROOT node-red-node-telegrambot@0.1.6 OK for: node-red-project@0.0.1 want: 0.1.6
20 silly fetch manifest telegram@^2.18.38
21 silly packumentCache full:https://registry.npmjs.org/telegram cache-miss
22 http fetch GET 200 https://registry.npmjs.org/telegram 808ms (cache miss)
23 silly packumentCache full:https://registry.npmjs.org/telegram set size:undefined disposed:false
24 silly placeDep ROOT telegram@2.26.16 OK for: node-red-node-telegrambot@0.1.6 want: ^2.18.38
25 silly fetch manifest @cryptography/aes@^0.1.1
26 silly packumentCache full:https://registry.npmjs.org/@cryptography%2faes cache-miss
27 silly fetch manifest async-mutex@^0.3.0
28 silly packumentCache full:https://registry.npmjs.org/async-mutex cache-miss
29 silly fetch manifest big-integer@^1.6.48
30 silly packumentCache full:https://registry.npmjs.org/big-integer cache-miss
31 silly fetch manifest buffer@^6.0.3
32 silly packumentCache full:https://registry.npmjs.org/buffer cache-miss
33 silly fetch manifest htmlparser2@^6.1.0
34 silly packumentCache full:https://registry.npmjs.org/htmlparser2 cache-miss
35 silly fetch manifest mime@^3.0.0
36 silly packumentCache full:https://registry.npmjs.org/mime cache-miss
37 silly fetch manifest pako@^2.0.3
38 silly packumentCache full:https://registry.npmjs.org/pako cache-miss
39 http fetch GET 200 https://registry.npmjs.org/pako 520ms (cache miss)
40 silly packumentCache full:https://registry.npmjs.org/pako set size:undefined disposed:false
41 silly fetch manifest path-browserify@^1.0.1
42 silly packumentCache full:https://registry.npmjs.org/path-browserify cache-miss
43 http fetch GET 200 https://registry.npmjs.org/htmlparser2 545ms (cache miss)
44 silly packumentCache full:https://registry.npmjs.org/htmlparser2 set size:undefined disposed:false
45 silly fetch manifest real-cancellable-promise@^1.1.1
46 silly packumentCache full:https://registry.npmjs.org/real-cancellable-promise cache-miss
47 http fetch GET 200 https://registry.npmjs.org/big-integer 554ms (cache miss)
48 silly packumentCache full:https://registry.npmjs.org/big-integer set size:undefined disposed:false
49 silly fetch manifest store2@^2.13.0
50 silly packumentCache full:https://registry.npmjs.org/store2 cache-miss
51 http fetch GET 200 https://registry.npmjs.org/buffer 562ms (cache miss)
52 silly packumentCache full:https://registry.npmjs.org/buffer set size:undefined disposed:false
53 silly fetch manifest ts-custom-error@^3.2.0
54 silly packumentCache full:https://registry.npmjs.org/ts-custom-error cache-miss
55 http fetch GET 200 https://registry.npmjs.org/async-mutex 603ms (cache miss)
56 silly packumentCache full:https://registry.npmjs.org/async-mutex set size:undefined disposed:false
57 silly fetch manifest websocket@^1.0.34
58 silly packumentCache full:https://registry.npmjs.org/websocket cache-miss
59 http fetch GET 200 https://registry.npmjs.org/mime 603ms (cache updated)
60 silly packumentCache full:https://registry.npmjs.org/mime set size:undefined disposed:false
61 silly fetch manifest node-localstorage@^2.2.1
62 silly packumentCache full:https://registry.npmjs.org/node-localstorage cache-miss
63 http fetch GET 200 https://registry.npmjs.org/path-browserify 132ms (cache miss)
64 silly packumentCache full:https://registry.npmjs.org/path-browserify set size:undefined disposed:false
65 silly fetch manifest bufferutil@^4.0.3
66 silly packumentCache full:https://registry.npmjs.org/bufferutil cache-miss
67 http fetch GET 200 https://registry.npmjs.org/store2 170ms (cache miss)
68 silly packumentCache full:https://registry.npmjs.org/store2 set size:undefined disposed:false
69 silly fetch manifest utf-8-validate@^5.0.5
70 silly packumentCache full:https://registry.npmjs.org/utf-8-validate cache-miss
71 http fetch GET 200 https://registry.npmjs.org/ts-custom-error 172ms (cache miss)
72 silly packumentCache full:https://registry.npmjs.org/ts-custom-error set size:undefined disposed:false
73 http fetch GET 200 https://registry.npmjs.org/websocket 151ms (cache miss)
74 silly packumentCache full:https://registry.npmjs.org/websocket set size:undefined disposed:false
75 http fetch GET 200 https://registry.npmjs.org/node-localstorage 189ms (cache miss)
76 silly packumentCache full:https://registry.npmjs.org/node-localstorage set size:undefined disposed:false
77 http fetch GET 200 https://registry.npmjs.org/bufferutil 159ms (cache miss)
78 silly packumentCache full:https://registry.npmjs.org/bufferutil set size:undefined disposed:false
79 http fetch GET 200 https://registry.npmjs.org/utf-8-validate 100ms (cache miss)
80 silly packumentCache full:https://registry.npmjs.org/utf-8-validate set size:undefined disposed:false
81 http fetch GET 200 https://registry.npmjs.org/real-cancellable-promise 744ms (cache miss)
82 silly packumentCache full:https://registry.npmjs.org/real-cancellable-promise set size:undefined disposed:false
83 http fetch GET 200 https://registry.npmjs.org/@cryptography%2faes 1336ms (cache miss)
84 silly packumentCache full:https://registry.npmjs.org/@cryptography%2faes set size:undefined disposed:false
85 silly placeDep ROOT @cryptography/aes@0.1.1 OK for: telegram@2.26.16 want: ^0.1.1
86 silly placeDep ROOT async-mutex@0.3.2 OK for: telegram@2.26.16 want: ^0.3.0
87 silly placeDep ROOT big-integer@1.6.52 OK for: telegram@2.26.16 want: ^1.6.48
88 silly placeDep ROOT buffer@6.0.3 OK for: telegram@2.26.16 want: ^6.0.3
89 silly placeDep ROOT bufferutil@4.0.9 OK for: telegram@2.26.16 want: ^4.0.3
90 silly placeDep ROOT htmlparser2@6.1.0 OK for: telegram@2.26.16 want: ^6.1.0
91 silly placeDep node_modules/telegram mime@3.0.0 OK for: telegram@2.26.16 want: ^3.0.0
92 silly placeDep ROOT node-localstorage@2.2.1 OK for: telegram@2.26.16 want: ^2.2.1
93 silly placeDep ROOT pako@2.1.0 OK for: telegram@2.26.16 want: ^2.0.3
94 silly placeDep ROOT path-browserify@1.0.1 OK for: telegram@2.26.16 want: ^1.0.1
95 silly placeDep ROOT real-cancellable-promise@1.2.0 OK for: telegram@2.26.16 want: ^1.1.1
96 silly placeDep ROOT store2@2.14.4 OK for: telegram@2.26.16 want: ^2.13.0
97 silly placeDep ROOT ts-custom-error@3.3.1 OK for: telegram@2.26.16 want: ^3.2.0
98 silly placeDep ROOT utf-8-validate@5.0.10 OK for: telegram@2.26.16 want: ^5.0.5
99 silly placeDep ROOT websocket@1.0.35 OK for: telegram@2.26.16 want: ^1.0.34
100 silly fetch manifest tslib@^2.3.1
101 silly packumentCache full:https://registry.npmjs.org/tslib cache-miss
102 silly fetch manifest base64-js@^1.3.1
103 silly packumentCache full:https://registry.npmjs.org/base64-js cache-miss
104 silly fetch manifest ieee754@^1.2.1
105 silly packumentCache full:https://registry.npmjs.org/ieee754 cache-miss
106 silly fetch manifest node-gyp-build@^4.3.0
107 silly packumentCache full:https://registry.npmjs.org/node-gyp-build cache-miss
108 silly fetch manifest domutils@^2.5.2
109 silly packumentCache full:https://registry.npmjs.org/domutils cache-miss
110 silly fetch manifest entities@^2.0.0
111 silly packumentCache full:https://registry.npmjs.org/entities cache-miss
112 silly fetch manifest domhandler@^4.0.0
113 silly packumentCache full:https://registry.npmjs.org/domhandler cache-miss
114 http fetch GET 200 https://registry.npmjs.org/ieee754 124ms (cache miss)
115 silly packumentCache full:https://registry.npmjs.org/ieee754 set size:undefined disposed:false
116 silly fetch manifest domelementtype@^2.0.1
117 silly packumentCache full:https://registry.npmjs.org/domelementtype cache-miss
118 http fetch GET 200 https://registry.npmjs.org/entities 140ms (cache miss)
119 silly packumentCache full:https://registry.npmjs.org/entities set size:undefined disposed:false
120 silly fetch manifest write-file-atomic@^1.1.4
121 silly packumentCache full:https://registry.npmjs.org/write-file-atomic cache-miss
122 http fetch GET 200 https://registry.npmjs.org/node-gyp-build 151ms (cache miss)
123 silly packumentCache full:https://registry.npmjs.org/node-gyp-build set size:undefined disposed:false
124 silly fetch manifest debug@^2.2.0
125 silly packumentCache full:https://registry.npmjs.org/debug cache-miss
126 http fetch GET 200 https://registry.npmjs.org/tslib 157ms (cache miss)
127 silly packumentCache full:https://registry.npmjs.org/tslib set size:undefined disposed:false
128 silly fetch manifest es5-ext@^0.10.63
129 silly packumentCache full:https://registry.npmjs.org/es5-ext cache-miss
130 http fetch GET 200 https://registry.npmjs.org/domhandler 160ms (cache miss)
131 silly packumentCache full:https://registry.npmjs.org/domhandler set size:undefined disposed:false
132 silly fetch manifest typedarray-to-buffer@^3.1.5
133 silly packumentCache full:https://registry.npmjs.org/typedarray-to-buffer cache-miss
134 http fetch GET 200 https://registry.npmjs.org/domutils 166ms (cache miss)
135 silly packumentCache full:https://registry.npmjs.org/domutils set size:undefined disposed:false
136 silly fetch manifest yaeti@^0.0.6
137 silly packumentCache full:https://registry.npmjs.org/yaeti cache-miss
138 http fetch GET 200 https://registry.npmjs.org/base64-js 171ms (cache miss)
139 silly packumentCache full:https://registry.npmjs.org/base64-js set size:undefined disposed:false
140 http fetch GET 200 https://registry.npmjs.org/domelementtype 111ms (cache miss)
141 silly packumentCache full:https://registry.npmjs.org/domelementtype set size:undefined disposed:false
142 http fetch GET 200 https://registry.npmjs.org/write-file-atomic 121ms (cache miss)
143 silly packumentCache full:https://registry.npmjs.org/write-file-atomic set size:undefined disposed:false
144 http fetch GET 200 https://registry.npmjs.org/es5-ext 118ms (cache miss)
145 silly packumentCache full:https://registry.npmjs.org/es5-ext set size:undefined disposed:false
146 http fetch GET 200 https://registry.npmjs.org/debug 137ms (cache updated)
147 silly packumentCache full:https://registry.npmjs.org/debug set size:undefined disposed:false
148 http fetch GET 200 https://registry.npmjs.org/yaeti 129ms (cache miss)
149 silly packumentCache full:https://registry.npmjs.org/yaeti set size:undefined disposed:false
150 http fetch GET 200 https://registry.npmjs.org/typedarray-to-buffer 192ms (cache miss)
151 silly packumentCache full:https://registry.npmjs.org/typedarray-to-buffer set size:undefined disposed:false
152 silly placeDep ROOT tslib@2.8.1 OK for: async-mutex@0.3.2 want: ^2.3.1
153 silly placeDep ROOT base64-js@1.5.1 OK for: buffer@6.0.3 want: ^1.3.1
154 silly placeDep ROOT ieee754@1.2.1 OK for: buffer@6.0.3 want: ^1.2.1
155 silly placeDep ROOT node-gyp-build@4.8.4 OK for: bufferutil@4.0.9 want: ^4.3.0
156 silly placeDep ROOT domelementtype@2.3.0 OK for: htmlparser2@6.1.0 want: ^2.0.1
157 silly placeDep ROOT domhandler@4.3.1 OK for: htmlparser2@6.1.0 want: ^4.0.0
158 silly placeDep ROOT domutils@2.8.0 OK for: htmlparser2@6.1.0 want: ^2.5.2
159 silly placeDep ROOT entities@2.2.0 OK for: htmlparser2@6.1.0 want: ^2.0.0
160 silly fetch manifest dom-serializer@^1.0.1
161 silly packumentCache full:https://registry.npmjs.org/dom-serializer cache-miss
162 http fetch GET 200 https://registry.npmjs.org/dom-serializer 105ms (cache miss)
163 silly packumentCache full:https://registry.npmjs.org/dom-serializer set size:undefined disposed:false
164 silly placeDep ROOT dom-serializer@1.4.1 OK for: domutils@2.8.0 want: ^1.0.1
165 silly placeDep ROOT write-file-atomic@1.3.4 OK for: node-localstorage@2.2.1 want: ^1.1.4
166 silly fetch manifest slide@^1.1.5
167 silly packumentCache full:https://registry.npmjs.org/slide cache-miss
168 silly fetch manifest graceful-fs@^4.1.11
169 silly packumentCache full:https://registry.npmjs.org/graceful-fs cache-miss
170 silly fetch manifest imurmurhash@^0.1.4
171 silly packumentCache full:https://registry.npmjs.org/imurmurhash cache-miss
172 http fetch GET 200 https://registry.npmjs.org/imurmurhash 111ms (cache miss)
173 silly packumentCache full:https://registry.npmjs.org/imurmurhash set size:undefined disposed:false
174 http fetch GET 200 https://registry.npmjs.org/graceful-fs 137ms (cache miss)
175 silly packumentCache full:https://registry.npmjs.org/graceful-fs set size:undefined disposed:false
176 http fetch GET 200 https://registry.npmjs.org/slide 142ms (cache miss)
177 silly packumentCache full:https://registry.npmjs.org/slide set size:undefined disposed:false
178 silly placeDep node_modules/websocket debug@2.6.9 OK for: websocket@1.0.35 want: ^2.2.0
179 silly placeDep ROOT es5-ext@0.10.64 OK for: websocket@1.0.35 want: ^0.10.63
180 silly placeDep ROOT typedarray-to-buffer@3.1.5 OK for: websocket@1.0.35 want: ^3.1.5
181 silly placeDep ROOT yaeti@0.0.6 OK for: websocket@1.0.35 want: ^0.0.6
182 silly fetch manifest ms@2.0.0
183 silly packumentCache full:https://registry.npmjs.org/ms cache-miss
184 silly fetch manifest es6-iterator@^2.0.3
185 silly packumentCache full:https://registry.npmjs.org/es6-iterator cache-miss
186 silly fetch manifest es6-symbol@^3.1.3
187 silly packumentCache full:https://registry.npmjs.org/es6-symbol cache-miss
188 silly fetch manifest esniff@^2.0.1
189 silly packumentCache full:https://registry.npmjs.org/esniff cache-miss
190 silly fetch manifest next-tick@^1.1.0
191 silly packumentCache full:https://registry.npmjs.org/next-tick cache-miss
192 http fetch GET 200 https://registry.npmjs.org/next-tick 223ms (cache miss)
193 silly packumentCache full:https://registry.npmjs.org/next-tick set size:undefined disposed:false
194 http fetch GET 200 https://registry.npmjs.org/es6-symbol 226ms (cache miss)
195 silly packumentCache full:https://registry.npmjs.org/es6-symbol set size:undefined disposed:false
196 http fetch GET 200 https://registry.npmjs.org/esniff 227ms (cache miss)
197 silly packumentCache full:https://registry.npmjs.org/esniff set size:undefined disposed:false
198 http fetch GET 200 https://registry.npmjs.org/ms 231ms (cache updated)
199 silly packumentCache full:https://registry.npmjs.org/ms set size:undefined disposed:false
200 http fetch GET 200 https://registry.npmjs.org/es6-iterator 232ms (cache miss)
201 silly packumentCache full:https://registry.npmjs.org/es6-iterator set size:undefined disposed:false
202 silly placeDep ROOT es6-iterator@2.0.3 OK for: es5-ext@0.10.64 want: ^2.0.3
203 silly placeDep ROOT es6-symbol@3.1.4 OK for: es5-ext@0.10.64 want: ^3.1.3
204 silly placeDep ROOT esniff@2.0.1 OK for: es5-ext@0.10.64 want: ^2.0.1
205 silly placeDep ROOT next-tick@1.1.0 OK for: es5-ext@0.10.64 want: ^1.1.0
206 silly fetch manifest d@1
207 silly packumentCache full:https://registry.npmjs.org/d cache-miss
208 silly fetch manifest es6-symbol@^3.1.1
209 silly packumentCache full:https://registry.npmjs.org/es6-symbol cache-miss
210 silly fetch manifest d@^1.0.2
211 silly packumentCache full:https://registry.npmjs.org/d cache-miss
212 silly fetch manifest ext@^1.7.0
213 silly packumentCache full:https://registry.npmjs.org/ext cache-miss
214 silly fetch manifest d@^1.0.1
215 silly packumentCache full:https://registry.npmjs.org/d cache-miss
216 silly fetch manifest event-emitter@^0.3.5
217 silly packumentCache full:https://registry.npmjs.org/event-emitter cache-miss
218 silly fetch manifest type@^2.7.2
219 silly packumentCache full:https://registry.npmjs.org/type cache-miss
220 http fetch GET 200 https://registry.npmjs.org/es6-symbol 18ms (cache hit)
221 silly packumentCache full:https://registry.npmjs.org/es6-symbol set size:32033 disposed:false
222 http fetch GET 200 https://registry.npmjs.org/type 127ms (cache miss)
223 silly packumentCache full:https://registry.npmjs.org/type set size:undefined disposed:false
224 http fetch GET 200 https://registry.npmjs.org/event-emitter 130ms (cache miss)
225 silly packumentCache full:https://registry.npmjs.org/event-emitter set size:undefined disposed:false
226 http fetch GET 200 https://registry.npmjs.org/d 132ms (cache miss)
227 silly packumentCache full:https://registry.npmjs.org/d set size:undefined disposed:false
228 http fetch GET 200 https://registry.npmjs.org/d 137ms (cache miss)
229 silly packumentCache full:https://registry.npmjs.org/d set size:undefined disposed:false
230 http fetch GET 200 https://registry.npmjs.org/ext 135ms (cache miss)
231 silly packumentCache full:https://registry.npmjs.org/ext set size:undefined disposed:false
232 http fetch GET 200 https://registry.npmjs.org/d 138ms (cache miss)
233 silly packumentCache full:https://registry.npmjs.org/d set size:undefined disposed:false
234 silly placeDep ROOT d@1.0.2 OK for: es6-iterator@2.0.3 want: 1
235 silly placeDep ROOT type@2.7.3 OK for: d@1.0.2 want: ^2.7.2
236 silly placeDep ROOT ext@1.7.0 OK for: es6-symbol@3.1.4 want: ^1.7.0
237 silly placeDep ROOT event-emitter@0.3.5 OK for: esniff@2.0.1 want: ^0.3.5
238 silly placeDep ROOT graceful-fs@4.2.11 OK for: write-file-atomic@1.3.4 want: ^4.1.11
239 silly placeDep ROOT imurmurhash@0.1.4 OK for: write-file-atomic@1.3.4 want: ^0.1.4
240 silly placeDep ROOT slide@1.1.6 OK for: write-file-atomic@1.3.4 want: ^1.1.5
241 silly placeDep node_modules/websocket ms@2.0.0 OK for: debug@2.6.9 want: 2.0.0
242 silly reify moves {}
243 silly tarball no local data for graceful-fs@https://registry.npmjs.org/graceful-fs/-/graceful-fs-4.2.11.tgz. Extracting by manifest.
244 silly tarball no local data for event-emitter@https://registry.npmjs.org/event-emitter/-/event-emitter-0.3.5.tgz. Extracting by manifest.
245 silly tarball no local data for d@https://registry.npmjs.org/d/-/d-1.0.2.tgz. Extracting by manifest.
246 silly tarball no local data for imurmurhash@https://registry.npmjs.org/imurmurhash/-/imurmurhash-0.1.4.tgz. Extracting by manifest.
247 silly tarball no local data for es6-iterator@https://registry.npmjs.org/es6-iterator/-/es6-iterator-2.0.3.tgz. Extracting by manifest.
248 silly tarball no local data for next-tick@https://registry.npmjs.org/next-tick/-/next-tick-1.1.0.tgz. Extracting by manifest.
249 silly tarball no local data for esniff@https://registry.npmjs.org/esniff/-/esniff-2.0.1.tgz. Extracting by manifest.
250 silly tarball no local data for yaeti@https://registry.npmjs.org/yaeti/-/yaeti-0.0.6.tgz. Extracting by manifest.
251 silly tarball no local data for typedarray-to-buffer@https://registry.npmjs.org/typedarray-to-buffer/-/typedarray-to-buffer-3.1.5.tgz. Extracting by manifest.
252 silly tarball no local data for dom-serializer@https://registry.npmjs.org/dom-serializer/-/dom-serializer-1.4.1.tgz. Extracting by manifest.
253 silly tarball no local data for es5-ext@https://registry.npmjs.org/es5-ext/-/es5-ext-0.10.64.tgz. Extracting by manifest.
254 silly tarball no local data for entities@https://registry.npmjs.org/entities/-/entities-2.2.0.tgz. Extracting by manifest.
255 silly tarball no local data for es6-symbol@https://registry.npmjs.org/es6-symbol/-/es6-symbol-3.1.4.tgz. Extracting by manifest.
256 silly tarball no local data for write-file-atomic@https://registry.npmjs.org/write-file-atomic/-/write-file-atomic-1.3.4.tgz. Extracting by manifest.
257 silly tarball no local data for domutils@https://registry.npmjs.org/domutils/-/domutils-2.8.0.tgz. Extracting by manifest.
258 silly tarball no local data for domhandler@https://registry.npmjs.org/domhandler/-/domhandler-4.3.1.tgz. Extracting by manifest.
259 silly tarball no local data for domelementtype@https://registry.npmjs.org/domelementtype/-/domelementtype-2.3.0.tgz. Extracting by manifest.
260 silly tarball no local data for node-gyp-build@https://registry.npmjs.org/node-gyp-build/-/node-gyp-build-4.8.4.tgz. Extracting by manifest.
261 silly tarball no local data for websocket@https://registry.npmjs.org/websocket/-/websocket-1.0.35.tgz. Extracting by manifest.
262 silly tarball no local data for ieee754@https://registry.npmjs.org/ieee754/-/ieee754-1.2.1.tgz. Extracting by manifest.
263 silly tarball no local data for ts-custom-error@https://registry.npmjs.org/ts-custom-error/-/ts-custom-error-3.3.1.tgz. Extracting by manifest.
264 silly tarball no local data for path-browserify@https://registry.npmjs.org/path-browserify/-/path-browserify-1.0.1.tgz. Extracting by manifest.
265 silly tarball no local data for base64-js@https://registry.npmjs.org/base64-js/-/base64-js-1.5.1.tgz. Extracting by manifest.
266 silly tarball no local data for store2@https://registry.npmjs.org/store2/-/store2-2.14.4.tgz. Extracting by manifest.
267 silly tarball no local data for pako@https://registry.npmjs.org/pako/-/pako-2.1.0.tgz. Extracting by manifest.
268 silly tarball no local data for node-localstorage@https://registry.npmjs.org/node-localstorage/-/node-localstorage-2.2.1.tgz. Extracting by manifest.
269 silly tarball no local data for tslib@https://registry.npmjs.org/tslib/-/tslib-2.8.1.tgz. Extracting by manifest.
270 silly tarball no local data for htmlparser2@https://registry.npmjs.org/htmlparser2/-/htmlparser2-6.1.0.tgz. Extracting by manifest.
271 silly tarball no local data for utf-8-validate@https://registry.npmjs.org/utf-8-validate/-/utf-8-validate-5.0.10.tgz. Extracting by manifest.
272 silly tarball no local data for bufferutil@https://registry.npmjs.org/bufferutil/-/bufferutil-4.0.9.tgz. Extracting by manifest.
273 silly tarball no local data for real-cancellable-promise@https://registry.npmjs.org/real-cancellable-promise/-/real-cancellable-promise-1.2.0.tgz. Extracting by manifest.
274 silly tarball no local data for buffer@https://registry.npmjs.org/buffer/-/buffer-6.0.3.tgz. Extracting by manifest.
275 silly tarball no local data for big-integer@https://registry.npmjs.org/big-integer/-/big-integer-1.6.52.tgz. Extracting by manifest.
276 silly tarball no local data for async-mutex@https://registry.npmjs.org/async-mutex/-/async-mutex-0.3.2.tgz. Extracting by manifest.
277 silly tarball no local data for node-red-node-telegrambot@https://registry.npmjs.org/node-red-node-telegrambot/-/node-red-node-telegrambot-0.1.6.tgz. Extracting by manifest.
278 silly tarball no local data for @cryptography/aes@https://registry.npmjs.org/@cryptography/aes/-/aes-0.1.1.tgz. Extracting by manifest.
279 silly tarball no local data for slide@https://registry.npmjs.org/slide/-/slide-1.1.6.tgz. Extracting by manifest.
280 silly tarball no local data for mime@https://registry.npmjs.org/mime/-/mime-3.0.0.tgz. Extracting by manifest.
281 silly tarball no local data for ext@https://registry.npmjs.org/ext/-/ext-1.7.0.tgz. Extracting by manifest.
282 silly tarball no local data for ms@https://registry.npmjs.org/ms/-/ms-2.0.0.tgz. Extracting by manifest.
283 silly tarball no local data for type@https://registry.npmjs.org/type/-/type-2.7.3.tgz. Extracting by manifest.
284 silly tarball no local data for debug@https://registry.npmjs.org/debug/-/debug-2.6.9.tgz. Extracting by manifest.
285 silly tarball no local data for telegram@https://registry.npmjs.org/telegram/-/telegram-2.26.16.tgz. Extracting by manifest.
286 http fetch GET 200 https://registry.npmjs.org/imurmurhash/-/imurmurhash-0.1.4.tgz 224ms (cache miss)
287 http fetch GET 200 https://registry.npmjs.org/d/-/d-1.0.2.tgz 229ms (cache miss)
288 http fetch GET 200 https://registry.npmjs.org/event-emitter/-/event-emitter-0.3.5.tgz 256ms (cache miss)
289 http fetch GET 200 https://registry.npmjs.org/es6-iterator/-/es6-iterator-2.0.3.tgz 259ms (cache miss)
290 http fetch GET 200 https://registry.npmjs.org/next-tick/-/next-tick-1.1.0.tgz 264ms (cache miss)
291 http fetch GET 200 https://registry.npmjs.org/graceful-fs/-/graceful-fs-4.2.11.tgz 271ms (cache miss)
292 http fetch GET 200 https://registry.npmjs.org/node-gyp-build/-/node-gyp-build-4.8.4.tgz 294ms (cache miss)
293 http fetch GET 200 https://registry.npmjs.org/domhandler/-/domhandler-4.3.1.tgz 302ms (cache miss)
294 http fetch GET 200 https://registry.npmjs.org/ieee754/-/ieee754-1.2.1.tgz 302ms (cache miss)
295 http fetch GET 200 https://registry.npmjs.org/domelementtype/-/domelementtype-2.3.0.tgz 305ms (cache miss)
296 http fetch GET 200 https://registry.npmjs.org/base64-js/-/base64-js-1.5.1.tgz 304ms (cache miss)
297 http fetch GET 200 https://registry.npmjs.org/esniff/-/esniff-2.0.1.tgz 322ms (cache miss)
298 http fetch GET 200 https://registry.npmjs.org/ts-custom-error/-/ts-custom-error-3.3.1.tgz 313ms (cache miss)
299 http fetch GET 200 https://registry.npmjs.org/websocket/-/websocket-1.0.35.tgz 323ms (cache miss)
300 http fetch GET 200 https://registry.npmjs.org/typedarray-to-buffer/-/typedarray-to-buffer-3.1.5.tgz 418ms (cache miss)
301 http fetch GET 200 https://registry.npmjs.org/path-browserify/-/path-browserify-1.0.1.tgz 433ms (cache miss)
302 http fetch GET 200 https://registry.npmjs.org/htmlparser2/-/htmlparser2-6.1.0.tgz 531ms (cache miss)
303 http fetch GET 200 https://registry.npmjs.org/node-localstorage/-/node-localstorage-2.2.1.tgz 536ms (cache miss)
304 http fetch GET 200 https://registry.npmjs.org/yaeti/-/yaeti-0.0.6.tgz 553ms (cache miss)
305 http fetch GET 200 https://registry.npmjs.org/domutils/-/domutils-2.8.0.tgz 556ms (cache miss)
306 http fetch GET 200 https://registry.npmjs.org/tslib/-/tslib-2.8.1.tgz 548ms (cache miss)
307 http fetch GET 200 https://registry.npmjs.org/write-file-atomic/-/write-file-atomic-1.3.4.tgz 558ms (cache miss)
308 http fetch GET 200 https://registry.npmjs.org/dom-serializer/-/dom-serializer-1.4.1.tgz 568ms (cache miss)
309 http fetch GET 200 https://registry.npmjs.org/real-cancellable-promise/-/real-cancellable-promise-1.2.0.tgz 568ms (cache miss)
310 http fetch GET 200 https://registry.npmjs.org/store2/-/store2-2.14.4.tgz 581ms (cache miss)
311 http fetch GET 200 https://registry.npmjs.org/es6-symbol/-/es6-symbol-3.1.4.tgz 610ms (cache miss)
312 http fetch GET 200 https://registry.npmjs.org/entities/-/entities-2.2.0.tgz 655ms (cache miss)
313 http fetch GET 200 https://registry.npmjs.org/utf-8-validate/-/utf-8-validate-5.0.10.tgz 710ms (cache miss)
314 http fetch GET 200 https://registry.npmjs.org/mime/-/mime-3.0.0.tgz 748ms (cache miss)
315 http fetch GET 200 https://registry.npmjs.org/bufferutil/-/bufferutil-4.0.9.tgz 757ms (cache miss)
316 http fetch GET 200 https://registry.npmjs.org/ms/-/ms-2.0.0.tgz 753ms (cache miss)
317 http fetch GET 200 https://registry.npmjs.org/slide/-/slide-1.1.6.tgz 759ms (cache miss)
318 http fetch GET 200 https://registry.npmjs.org/big-integer/-/big-integer-1.6.52.tgz 778ms (cache miss)
319 http fetch GET 200 https://registry.npmjs.org/node-red-node-telegrambot/-/node-red-node-telegrambot-0.1.6.tgz 801ms (cache miss)
320 http fetch GET 200 https://registry.npmjs.org/buffer/-/buffer-6.0.3.tgz 817ms (cache miss)
321 http fetch GET 200 https://registry.npmjs.org/@cryptography/aes/-/aes-0.1.1.tgz 818ms (cache miss)
322 http fetch GET 200 https://registry.npmjs.org/async-mutex/-/async-mutex-0.3.2.tgz 827ms (cache miss)
323 http fetch GET 200 https://registry.npmjs.org/debug/-/debug-2.6.9.tgz 823ms (cache miss)
324 http fetch GET 200 https://registry.npmjs.org/ext/-/ext-1.7.0.tgz 897ms (cache miss)
325 http fetch GET 200 https://registry.npmjs.org/pako/-/pako-2.1.0.tgz 929ms (cache miss)
326 http fetch GET 200 https://registry.npmjs.org/type/-/type-2.7.3.tgz 1055ms (cache miss)
327 http fetch GET 200 https://registry.npmjs.org/telegram/-/telegram-2.26.16.tgz 1266ms (cache miss)
328 http fetch GET 200 https://registry.npmjs.org/es5-ext/-/es5-ext-0.10.64.tgz 1329ms (cache miss)
329 info run bufferutil@4.0.9 install node_modules/bufferutil node-gyp-build
330 info run utf-8-validate@5.0.10 install node_modules/utf-8-validate node-gyp-build
331 info run bufferutil@4.0.9 install { code: 0, signal: null }
332 info run utf-8-validate@5.0.10 install { code: 0, signal: null }
333 info run es5-ext@0.10.64 postinstall node_modules/es5-ext  node -e "try{require('./_postinstall')}catch(e){}" || exit 0
334 info run es5-ext@0.10.64 postinstall { code: 0, signal: null }
335 silly ADD node_modules/slide
336 silly ADD node_modules/imurmurhash
337 silly ADD node_modules/graceful-fs
338 silly ADD node_modules/event-emitter
339 silly ADD node_modules/ext
340 silly ADD node_modules/type
341 silly ADD node_modules/d
342 silly ADD node_modules/next-tick
343 silly ADD node_modules/esniff
344 silly ADD node_modules/es6-symbol
345 silly ADD node_modules/es6-iterator
346 silly ADD node_modules/yaeti
347 silly ADD node_modules/typedarray-to-buffer
348 silly ADD node_modules/es5-ext
349 silly ADD node_modules/write-file-atomic
350 silly ADD node_modules/dom-serializer
351 silly ADD node_modules/entities
352 silly ADD node_modules/domutils
353 silly ADD node_modules/domhandler
354 silly ADD node_modules/domelementtype
355 silly ADD node_modules/node-gyp-build
356 silly ADD node_modules/ieee754
357 silly ADD node_modules/base64-js
358 silly ADD node_modules/tslib
359 silly ADD node_modules/websocket
360 silly ADD node_modules/websocket/node_modules/ms
361 silly ADD node_modules/websocket/node_modules/debug
362 silly ADD node_modules/utf-8-validate
363 silly ADD node_modules/ts-custom-error
364 silly ADD node_modules/store2
365 silly ADD node_modules/real-cancellable-promise
366 silly ADD node_modules/path-browserify
367 silly ADD node_modules/pako
368 silly ADD node_modules/node-localstorage
369 silly ADD node_modules/htmlparser2
370 silly ADD node_modules/bufferutil
371 silly ADD node_modules/buffer
372 silly ADD node_modules/big-integer
373 silly ADD node_modules/async-mutex
374 silly ADD node_modules/@cryptography/aes
375 silly ADD node_modules/telegram
376 silly ADD node_modules/telegram/node_modules/mime
377 silly ADD node_modules/node-red-node-telegrambot
378 verbose cwd /data
379 verbose os Linux 6.10.14-linuxkit
380 verbose node v20.18.1
381 verbose npm  v10.8.2
382 verbose exit 0
383 info ok
